<?xml version="1.0" encoding="UTF-8"?>
<!-- Generated by org.testng.reporters.JUnitXMLReporter -->
<testsuite ignored="1" hostname="DESKTOP-0M11U9U" failures="0" tests="2" name="Test" time="0.062" errors="0" timestamp="2021-05-03T20:26:18 IST">
  <testcase classname="Seleniumframework.AmazonTestCase" name="Test2" time="0.006"/>
  <testcase classname="Seleniumframework.PaytmTestCase" name="paytmtestCase" time="0.002"/>
  <testcase classname="Seleniumframework.AmazonTestCase" name="Test1" time="0.0">
    <ignored/>
  </testcase> <!-- Test1 -->
</testsuite> <!-- Test -->
